<?xml version="1.0" encoding="UTF-8"?>
<testsuite xmlns:xsi="http://www.w3.org/2001/XMLSchema-instance" xsi:noNamespaceSchemaLocation="https://maven.apache.org/surefire/maven-surefire-plugin/xsd/surefire-test-report.xsd" version="3.0.2" name="com.maepim.MaepimApplicationTests" time="11.257" tests="1" errors="0" skipped="0" failures="0" flakes="0">
  <properties>
[...]
</properties>
  <testcase name="contextLoads" classname="com.maepim.MaepimApplicationTests" time="0.34">
    <system-out><![CDATA[02:09:10.656 [main] INFO org.springframework.test.context.support.AnnotationConfigContextLoaderUtils -- Could not detect default configuration classes for test class [com.maepim.MaepimApplicationTests]: MaepimApplicationTests does not declare any static, non-private, non-final, nested classes annotated with @Configuration.
02:09:10.765 [main] INFO org.springframework.boot.test.context.SpringBootTestContextBootstrapper -- Found @SpringBootConfiguration com.maepim.MaepimApplication for test class com.maepim.MaepimApplicationTests
02:09:10.844 [main] INFO org.springframework.test.context.support.AnnotationConfigContextLoaderUtils -- Could not detect default configuration classes for test class [com.maepim.MaepimApplicationTests]: MaepimApplicationTests does not declare any static, non-private, non-final, nested classes annotated with @Configuration.
02:09:10.847 [main] INFO org.springframework.boot.test.context.SpringBootTestContextBootstrapper -- Found @SpringBootConfiguration com.maepim.MaepimApplication for test class com.maepim.MaepimApplicationTests

  .   ____          _            __ _ _
 /\\ / ___'_ __ _ _(_)_ __  __ _ \ \ \ \
( ( )\___ | '_ | '_| | '_ \/ _` | \ \ \ \
 \\/  ___)| |_)| | | | | || (_| |  ) ) ) )
  '  |____| .__|_| |_|_| |_\__, | / / / /
 =========|_|==============|___/=/_/_/_/

 :: Spring Boot ::                (v4.1.0)

2026-07-19T02:09:11.188+07:00  INFO 26332 --- [MAEPIM] [           main] com.maepim.MaepimApplicationTests        : Starting MaepimApplicationTests using Java 21.0.11 with PID 26332 (started by User in D:\Project_maepim\maepim_backend)
2026-07-19T02:09:11.189+07:00  INFO 26332 --- [MAEPIM] [           main] com.maepim.MaepimApplicationTests        : No active profile set, falling back to 1 default profile: "default"
2026-07-19T02:09:11.898+07:00  INFO 26332 --- [MAEPIM] [           main] .s.d.r.c.RepositoryConfigurationDelegate : Bootstrapping Spring Data JPA repositories in DEFAULT mode.
2026-07-19T02:09:11.948+07:00  INFO 26332 --- [MAEPIM] [           main] .s.d.r.c.RepositoryConfigurationDelegate : Finished Spring Data repository scanning in 41 ms. Found 5 JPA repository interfaces.
2026-07-19T02:09:12.841+07:00  INFO 26332 --- [MAEPIM] [           main] com.zaxxer.hikari.HikariDataSource       : HikariPool-1 - Starting...
2026-07-19T02:09:14.107+07:00  INFO 26332 --- [MAEPIM] [           main] com.zaxxer.hikari.pool.HikariPool        : HikariPool-1 - Added connection org.postgresql.jdbc.PgConnection@30a01dd8
2026-07-19T02:09:14.109+07:00  INFO 26332 --- [MAEPIM] [           main] com.zaxxer.hikari.HikariDataSource       : HikariPool-1 - Start completed.
2026-07-19T02:09:14.230+07:00  INFO 26332 --- [MAEPIM] [           main] org.flywaydb.core.FlywayExecutor         : Database: jdbc:postgresql://ep-falling-voice-azcu89e4-pooler.c-3.ap-southeast-1.aws.neon.tech/MAEPIM?user=neondb_owner&password=********&sslmode=require&channelBinding=require (PostgreSQL 18.4)
2026-07-19T02:09:15.172+07:00  INFO 26332 --- [MAEPIM] [           main] o.f.core.internal.command.DbValidate     : Successfully validated 4 migrations (execution time 00:00.300s)
2026-07-19T02:09:16.012+07:00  INFO 26332 --- [MAEPIM] [           main] o.f.core.internal.command.DbMigrate      : Current version of schema "maepim": 3
2026-07-19T02:09:16.063+07:00  INFO 26332 --- [MAEPIM] [           main] o.f.core.internal.command.DbMigrate      : Schema "maepim" is up to date. No migration necessary.
2026-07-19T02:09:16.587+07:00  INFO 26332 --- [MAEPIM] [           main] org.hibernate.orm.jpa                    : HHH008540: Processing PersistenceUnitInfo [name: default]
2026-07-19T02:09:16.737+07:00  INFO 26332 --- [MAEPIM] [           main] org.hibernate.orm.core                   : HHH000001: Hibernate ORM core version 7.4.1.Final
2026-07-19T02:09:17.313+07:00  INFO 26332 --- [MAEPIM] [           main] o.s.o.j.p.SpringPersistenceUnitInfo      : No LoadTimeWeaver setup: ignoring JPA class transformer
2026-07-19T02:09:17.825+07:00  INFO 26332 --- [MAEPIM] [           main] org.hibernate.orm.connections.pooling    : HHH10001005: Database info:
	Database JDBC URL [jdbc:postgresql://ep-falling-voice-azcu89e4-pooler.c-3.ap-southeast-1.aws.neon.tech/MAEPIM?user=neondb_owner&password=npg_uzA1GN8ZRODk&sslmode=require&channelBinding=require]
	Database driver: PostgreSQL JDBC Driver
	Database dialect: PostgreSQLDialect
	Database version: 18.4
	Default catalog/schema: MAEPIM/unknown
	Autocommit mode: undefined/unknown
	Isolation level: READ_COMMITTED [default READ_COMMITTED]
	JDBC fetch size: none
	Pool: DataSourceConnectionProvider
	Minimum pool size: undefined/unknown
	Maximum pool size: undefined/unknown
2026-07-19T02:09:18.859+07:00  INFO 26332 --- [MAEPIM] [           main] org.hibernate.orm.core                   : HHH000489: No JTA platform available (set 'hibernate.transaction.jta.platform' to enable JTA platform integration)
2026-07-19T02:09:19.375+07:00  INFO 26332 --- [MAEPIM] [           main] j.LocalContainerEntityManagerFactoryBean : Initialized JPA EntityManagerFactory for persistence unit 'default'
2026-07-19T02:09:19.457+07:00  INFO 26332 --- [MAEPIM] [           main] o.s.d.j.r.query.QueryEnhancerFactories   : Hibernate is in classpath; If applicable, HQL parser will be used.
2026-07-19T02:09:19.956+07:00  INFO 26332 --- [MAEPIM] [           main] r$InitializeUserDetailsManagerConfigurer : Global AuthenticationManager configured with UserDetailsService bean with name customUserDetailsService
2026-07-19T02:09:20.335+07:00 DEBUG 26332 --- [MAEPIM] [           main] o.s.s.web.DefaultSecurityFilterChain     : Will secure any request with filters: DisableEncodeUrlFilter, WebAsyncManagerIntegrationFilter, SecurityContextHolderFilter, HeaderWriterFilter, LogoutFilter, JwtFilter, RequestCacheAwareFilter, SecurityContextHolderAwareRequestFilter, AnonymousAuthenticationFilter, SessionManagementFilter, ExceptionTranslationFilter, AuthorizationFilter
2026-07-19T02:09:20.827+07:00  INFO 26332 --- [MAEPIM] [           main] com.maepim.MaepimApplicationTests        : Started MaepimApplicationTests in 9.903 seconds (process running for 11.015)
2026-07-19T02:09:21.253+07:00 DEBUG 26332 --- [MAEPIM] [           main] org.hibernate.SQL                        : 
    select
        u1_0.id 
    from
        maepim.users u1_0 
    where
        u1_0.username=? 
    fetch
        first ? rows only
Hibernate: 
    select
        u1_0.id 
    from
        maepim.users u1_0 
    where
        u1_0.username=? 
    fetch
        first ? rows only
2026-07-19T02:09:21.254+07:00 TRACE 26332 --- [MAEPIM] [           main] org.hibernate.orm.jdbc.bind              : binding parameter (1:VARCHAR) <- [admin]
2026-07-19T02:09:21.254+07:00 TRACE 26332 --- [MAEPIM] [           main] org.hibernate.orm.jdbc.bind              : binding parameter (2:INTEGER) <- [1]
]]></system-out>
    <system-err><![CDATA[Mockito is currently self-attaching to enable the inline-mock-maker. This will no longer work in future releases of the JDK. Please add Mockito as an agent to your build as described in Mockito's documentation: https://javadoc.io/doc/org.mockito/mockito-core/latest/org.mockito/org/mockito/Mockito.html#0.3
WARNING: A Java agent has been loaded dynamically (C:\Users\User\.m2\repository\net\bytebuddy\byte-buddy-agent\1.18.10\byte-buddy-agent-1.18.10.jar)
WARNING: If a serviceability tool is in use, please run with -XX:+EnableDynamicAgentLoading to hide this warning
WARNING: If a serviceability tool is not in use, please run with -Djdk.instrument.traceUsage for more information
WARNING: Dynamic loading of agents will be disallowed by default in a future release
]]></system-err>
  </testcase>
</testsuite>